<?xml version="1.0" encoding="UTF-8"?>
<testsuite name="com.example.testingweb.SmokeTest" tests="1" skipped="0" failures="0" errors="0" timestamp="2023-12-29T01:11:28" hostname="LAPTOP-23KGNN3P" time="0.004">
  <properties/>
  <testcase name="contextLoads()" classname="com.example.testingweb.SmokeTest" time="0.004"/>
  <system-out><![CDATA[2023-12-28 22:11:27.482  INFO 30292 --- [    Test worker] .b.t.c.SpringBootTestContextBootstrapper : Neither @ContextConfiguration nor @ContextHierarchy found for test class [com.example.testingweb.SmokeTest], using SpringBootContextLoader
2023-12-28 22:11:27.484  INFO 30292 --- [    Test worker] o.s.t.c.support.AbstractContextLoader    : Could not detect default resource locations for test class [com.example.testingweb.SmokeTest]: no resource found for suffixes {-context.xml, Context.groovy}.
2023-12-28 22:11:27.484  INFO 30292 --- [    Test worker] t.c.s.AnnotationConfigContextLoaderUtils : Could not detect default configuration classes for test class [com.example.testingweb.SmokeTest]: SmokeTest does not declare any static, non-private, non-final, nested classes annotated with @Configuration.
2023-12-28 22:11:27.487  INFO 30292 --- [    Test worker] .b.t.c.SpringBootTestContextBootstrapper : Found @SpringBootConfiguration com.example.testingweb.TestingWebApplication for test class com.example.testingweb.SmokeTest
2023-12-28 22:11:27.492  INFO 30292 --- [    Test worker] .b.t.c.SpringBootTestContextBootstrapper : Loaded default TestExecutionListener class names from location [META-INF/spring.factories]: [org.springframework.boot.test.autoconfigure.restdocs.RestDocsTestExecutionListener, org.springframework.boot.test.autoconfigure.web.client.MockRestServiceServerResetTestExecutionListener, org.springframework.boot.test.autoconfigure.web.servlet.MockMvcPrintOnlyOnFailureTestExecutionListener, org.springframework.boot.test.autoconfigure.web.servlet.WebDriverTestExecutionListener, org.springframework.boot.test.autoconfigure.webservices.client.MockWebServiceServerTestExecutionListener, org.springframework.boot.test.mock.mockito.MockitoTestExecutionListener, org.springframework.boot.test.mock.mockito.ResetMocksTestExecutionListener, org.springframework.test.context.web.ServletTestExecutionListener, org.springframework.test.context.support.DirtiesContextBeforeModesTestExecutionListener, org.springframework.test.context.event.ApplicationEventsTestExecutionListener, org.springframework.test.context.support.DependencyInjectionTestExecutionListener, org.springframework.test.context.support.DirtiesContextTestExecutionListener, org.springframework.test.context.transaction.TransactionalTestExecutionListener, org.springframework.test.context.jdbc.SqlScriptsTestExecutionListener, org.springframework.test.context.event.EventPublishingTestExecutionListener]
2023-12-28 22:11:27.494  INFO 30292 --- [    Test worker] .b.t.c.SpringBootTestContextBootstrapper : Using TestExecutionListeners: [org.springframework.test.context.web.ServletTestExecutionListener@15a3d236, org.springframework.test.context.support.DirtiesContextBeforeModesTestExecutionListener@44feeabb, org.springframework.test.context.event.ApplicationEventsTestExecutionListener@7e2e3f93, org.springframework.boot.test.mock.mockito.MockitoTestExecutionListener@6ded62cf, org.springframework.boot.test.autoconfigure.SpringBootDependencyInjectionTestExecutionListener@66d43f26, org.springframework.test.context.support.DirtiesContextTestExecutionListener@55ccaa75, org.springframework.test.context.event.EventPublishingTestExecutionListener@5a91c5f8, org.springframework.boot.test.autoconfigure.restdocs.RestDocsTestExecutionListener@5c6c2f7f, org.springframework.boot.test.autoconfigure.web.client.MockRestServiceServerResetTestExecutionListener@1b8606db, org.springframework.boot.test.autoconfigure.web.servlet.MockMvcPrintOnlyOnFailureTestExecutionListener@2ba988dc, org.springframework.boot.test.autoconfigure.web.servlet.WebDriverTestExecutionListener@7fc33654, org.springframework.boot.test.autoconfigure.webservices.client.MockWebServiceServerTestExecutionListener@42e9e904, org.springframework.boot.test.mock.mockito.ResetMocksTestExecutionListener@69f29f5c]

  .   ____          _            __ _ _
 /\\ / ___'_ __ _ _(_)_ __  __ _ \ \ \ \
( ( )\___ | '_ | '_| | '_ \/ _` | \ \ \ \
 \\/  ___)| |_)| | | | | || (_| |  ) ) ) )
  '  |____| .__|_| |_|_| |_\__, | / / / /
 =========|_|==============|___/=/_/_/_/
 :: Spring Boot ::                (v2.6.3)

2023-12-28 22:11:27.537  INFO 30292 --- [    Test worker] com.example.testingweb.SmokeTest         : Starting SmokeTest using Java 11.0.12 on LAPTOP-23KGNN3P with PID 30292 (started by valep in C:\Users\valep\Desktop\Devops\dev-ops-v6\microservicio\microservicio-java)
2023-12-28 22:11:27.538  INFO 30292 --- [    Test worker] com.example.testingweb.SmokeTest         : No active profile set, falling back to default profiles: default
2023-12-28 22:11:28.042  INFO 30292 --- [    Test worker] com.example.testingweb.SmokeTest         : Started SmokeTest in 0.55 seconds (JVM running for 6.957)
]]></system-out>
  <system-err><![CDATA[]]></system-err>
</testsuite>
