<?xml version="1.0" encoding="UTF-8"?>
<testsuite name="com.example.testingweb.HttpRequestTest" tests="1" skipped="0" failures="0" errors="0" timestamp="2023-12-30T01:10:45" hostname="LAPTOP-23KGNN3P" time="1.737">
  <properties/>
  <testcase name="greetingShouldReturnDefaultMessage()" classname="com.example.testingweb.HttpRequestTest" time="1.737"/>
  <system-out><![CDATA[22:10:35.942 [Test worker] DEBUG org.springframework.test.context.BootstrapUtils - Instantiating CacheAwareContextLoaderDelegate from class [org.springframework.test.context.cache.DefaultCacheAwareContextLoaderDelegate]
22:10:36.278 [Test worker] DEBUG org.springframework.test.context.BootstrapUtils - Instantiating BootstrapContext using constructor [public org.springframework.test.context.support.DefaultBootstrapContext(java.lang.Class,org.springframework.test.context.CacheAwareContextLoaderDelegate)]
22:10:36.987 [Test worker] DEBUG org.springframework.test.context.BootstrapUtils - Instantiating TestContextBootstrapper for test class [com.example.testingweb.HttpRequestTest] from class [org.springframework.boot.test.context.SpringBootTestContextBootstrapper]
22:10:37.051 [Test worker] INFO org.springframework.boot.test.context.SpringBootTestContextBootstrapper - Neither @ContextConfiguration nor @ContextHierarchy found for test class [com.example.testingweb.HttpRequestTest], using SpringBootContextLoader
22:10:37.086 [Test worker] DEBUG org.springframework.test.context.support.AbstractContextLoader - Did not detect default resource location for test class [com.example.testingweb.HttpRequestTest]: class path resource [com/example/testingweb/HttpRequestTest-context.xml] does not exist
22:10:37.088 [Test worker] DEBUG org.springframework.test.context.support.AbstractContextLoader - Did not detect default resource location for test class [com.example.testingweb.HttpRequestTest]: class path resource [com/example/testingweb/HttpRequestTestContext.groovy] does not exist
22:10:37.090 [Test worker] INFO org.springframework.test.context.support.AbstractContextLoader - Could not detect default resource locations for test class [com.example.testingweb.HttpRequestTest]: no resource found for suffixes {-context.xml, Context.groovy}.
22:10:37.093 [Test worker] INFO org.springframework.test.context.support.AnnotationConfigContextLoaderUtils - Could not detect default configuration classes for test class [com.example.testingweb.HttpRequestTest]: HttpRequestTest does not declare any static, non-private, non-final, nested classes annotated with @Configuration.
22:10:37.405 [Test worker] DEBUG org.springframework.test.context.support.ActiveProfilesUtils - Could not find an 'annotation declaring class' for annotation type [org.springframework.test.context.ActiveProfiles] and class [com.example.testingweb.HttpRequestTest]
22:10:38.269 [Test worker] DEBUG org.springframework.context.annotation.ClassPathScanningCandidateComponentProvider - Identified candidate component class: file [C:\Users\valep\Desktop\Devops\dev-ops-v6\microservicio\microservicio-java\build\classes\java\main\com\example\testingweb\TestingWebApplication.class]
22:10:38.272 [Test worker] INFO org.springframework.boot.test.context.SpringBootTestContextBootstrapper - Found @SpringBootConfiguration com.example.testingweb.TestingWebApplication for test class com.example.testingweb.HttpRequestTest
22:10:39.094 [Test worker] DEBUG org.springframework.boot.test.context.SpringBootTestContextBootstrapper - @TestExecutionListeners is not present for class [com.example.testingweb.HttpRequestTest]: using defaults.
22:10:39.097 [Test worker] INFO org.springframework.boot.test.context.SpringBootTestContextBootstrapper - Loaded default TestExecutionListener class names from location [META-INF/spring.factories]: [org.springframework.boot.test.autoconfigure.restdocs.RestDocsTestExecutionListener, org.springframework.boot.test.autoconfigure.web.client.MockRestServiceServerResetTestExecutionListener, org.springframework.boot.test.autoconfigure.web.servlet.MockMvcPrintOnlyOnFailureTestExecutionListener, org.springframework.boot.test.autoconfigure.web.servlet.WebDriverTestExecutionListener, org.springframework.boot.test.autoconfigure.webservices.client.MockWebServiceServerTestExecutionListener, org.springframework.boot.test.mock.mockito.MockitoTestExecutionListener, org.springframework.boot.test.mock.mockito.ResetMocksTestExecutionListener, org.springframework.test.context.web.ServletTestExecutionListener, org.springframework.test.context.support.DirtiesContextBeforeModesTestExecutionListener, org.springframework.test.context.event.ApplicationEventsTestExecutionListener, org.springframework.test.context.support.DependencyInjectionTestExecutionListener, org.springframework.test.context.support.DirtiesContextTestExecutionListener, org.springframework.test.context.transaction.TransactionalTestExecutionListener, org.springframework.test.context.jdbc.SqlScriptsTestExecutionListener, org.springframework.test.context.event.EventPublishingTestExecutionListener]
22:10:39.179 [Test worker] DEBUG org.springframework.boot.test.context.SpringBootTestContextBootstrapper - Skipping candidate TestExecutionListener [org.springframework.test.context.transaction.TransactionalTestExecutionListener] due to a missing dependency. Specify custom listener classes or make the default listener classes and their required dependencies available. Offending class: [org/springframework/transaction/TransactionDefinition]
22:10:39.182 [Test worker] DEBUG org.springframework.boot.test.context.SpringBootTestContextBootstrapper - Skipping candidate TestExecutionListener [org.springframework.test.context.jdbc.SqlScriptsTestExecutionListener] due to a missing dependency. Specify custom listener classes or make the default listener classes and their required dependencies available. Offending class: [org/springframework/transaction/interceptor/TransactionAttribute]
22:10:39.183 [Test worker] INFO org.springframework.boot.test.context.SpringBootTestContextBootstrapper - Using TestExecutionListeners: [org.springframework.test.context.web.ServletTestExecutionListener@50e6dbb, org.springframework.test.context.support.DirtiesContextBeforeModesTestExecutionListener@2c4dadd0, org.springframework.test.context.event.ApplicationEventsTestExecutionListener@6fd71c6b, org.springframework.boot.test.mock.mockito.MockitoTestExecutionListener@2e288f22, org.springframework.boot.test.autoconfigure.SpringBootDependencyInjectionTestExecutionListener@583d5ce9, org.springframework.test.context.support.DirtiesContextTestExecutionListener@195f5913, org.springframework.test.context.event.EventPublishingTestExecutionListener@4e3c2a17, org.springframework.boot.test.autoconfigure.restdocs.RestDocsTestExecutionListener@2407ed6d, org.springframework.boot.test.autoconfigure.web.client.MockRestServiceServerResetTestExecutionListener@166f2710, org.springframework.boot.test.autoconfigure.web.servlet.MockMvcPrintOnlyOnFailureTestExecutionListener@751b630f, org.springframework.boot.test.autoconfigure.web.servlet.WebDriverTestExecutionListener@5ad89329, org.springframework.boot.test.autoconfigure.webservices.client.MockWebServiceServerTestExecutionListener@41af619a, org.springframework.boot.test.mock.mockito.ResetMocksTestExecutionListener@2e178918]
22:10:39.206 [Test worker] DEBUG org.springframework.test.context.support.AbstractDirtiesContextTestExecutionListener - Before test class: context [DefaultTestContext@6e535064 testClass = HttpRequestTest, testInstance = [null], testMethod = [null], testException = [null], mergedContextConfiguration = [WebMergedContextConfiguration@75d132b9 testClass = HttpRequestTest, locations = '{}', classes = '{class com.example.testingweb.TestingWebApplication}', contextInitializerClasses = '[]', activeProfiles = '{}', propertySourceLocations = '{}', propertySourceProperties = '{org.springframework.boot.test.context.SpringBootTestContextBootstrapper=true, server.port=0}', contextCustomizers = set[org.springframework.boot.test.autoconfigure.actuate.metrics.MetricsExportContextCustomizerFactory$DisableMetricExportContextCustomizer@6c03a173, org.springframework.boot.test.autoconfigure.properties.PropertyMappingContextCustomizer@0, org.springframework.boot.test.autoconfigure.web.servlet.WebDriverContextCustomizerFactory$Customizer@1dd40d43, org.springframework.boot.test.context.filter.ExcludeFilterContextCustomizer@78dff50b, org.springframework.boot.test.json.DuplicateJsonObjectContextCustomizerFactory$DuplicateJsonObjectContextCustomizer@3582ada8, org.springframework.boot.test.mock.mockito.MockitoContextCustomizer@0, org.springframework.boot.test.web.client.TestRestTemplateContextCustomizer@7acd7cce, org.springframework.boot.test.context.SpringBootTestArgs@1, org.springframework.boot.test.context.SpringBootTestWebEnvironment@38612e7a], resourceBasePath = 'src/main/webapp', contextLoader = 'org.springframework.boot.test.context.SpringBootContextLoader', parent = [null]], attributes = map['org.springframework.test.context.web.ServletTestExecutionListener.activateListener' -> false]], class annotated with @DirtiesContext [false] with mode [null].
22:10:39.254 [Test worker] DEBUG org.springframework.test.context.support.DependencyInjectionTestExecutionListener - Performing dependency injection for test context [[DefaultTestContext@6e535064 testClass = HttpRequestTest, testInstance = com.example.testingweb.HttpRequestTest@4113fcca, testMethod = [null], testException = [null], mergedContextConfiguration = [WebMergedContextConfiguration@75d132b9 testClass = HttpRequestTest, locations = '{}', classes = '{class com.example.testingweb.TestingWebApplication}', contextInitializerClasses = '[]', activeProfiles = '{}', propertySourceLocations = '{}', propertySourceProperties = '{org.springframework.boot.test.context.SpringBootTestContextBootstrapper=true, server.port=0}', contextCustomizers = set[org.springframework.boot.test.autoconfigure.actuate.metrics.MetricsExportContextCustomizerFactory$DisableMetricExportContextCustomizer@6c03a173, org.springframework.boot.test.autoconfigure.properties.PropertyMappingContextCustomizer@0, org.springframework.boot.test.autoconfigure.web.servlet.WebDriverContextCustomizerFactory$Customizer@1dd40d43, org.springframework.boot.test.context.filter.ExcludeFilterContextCustomizer@78dff50b, org.springframework.boot.test.json.DuplicateJsonObjectContextCustomizerFactory$DuplicateJsonObjectContextCustomizer@3582ada8, org.springframework.boot.test.mock.mockito.MockitoContextCustomizer@0, org.springframework.boot.test.web.client.TestRestTemplateContextCustomizer@7acd7cce, org.springframework.boot.test.context.SpringBootTestArgs@1, org.springframework.boot.test.context.SpringBootTestWebEnvironment@38612e7a], resourceBasePath = 'src/main/webapp', contextLoader = 'org.springframework.boot.test.context.SpringBootContextLoader', parent = [null]], attributes = map['org.springframework.test.context.web.ServletTestExecutionListener.activateListener' -> false, 'org.springframework.test.context.event.ApplicationEventsTestExecutionListener.recordApplicationEvents' -> false]]].

  .   ____          _            __ _ _
 /\\ / ___'_ __ _ _(_)_ __  __ _ \ \ \ \
( ( )\___ | '_ | '_| | '_ \/ _` | \ \ \ \
 \\/  ___)| |_)| | | | | || (_| |  ) ) ) )
  '  |____| .__|_| |_|_| |_\__, | / / / /
 =========|_|==============|___/=/_/_/_/
 :: Spring Boot ::                (v2.6.3)

2023-12-29 22:10:40.834  INFO 20368 --- [    Test worker] com.example.testingweb.HttpRequestTest   : Starting HttpRequestTest using Java 11.0.12 on LAPTOP-23KGNN3P with PID 20368 (started by valep in C:\Users\valep\Desktop\Devops\dev-ops-v6\microservicio\microservicio-java)
2023-12-29 22:10:40.837  INFO 20368 --- [    Test worker] com.example.testingweb.HttpRequestTest   : No active profile set, falling back to default profiles: default
2023-12-29 22:10:44.169  INFO 20368 --- [    Test worker] o.s.b.w.embedded.tomcat.TomcatWebServer  : Tomcat initialized with port(s): 0 (http)
2023-12-29 22:10:44.203  INFO 20368 --- [    Test worker] o.apache.catalina.core.StandardService   : Starting service [Tomcat]
2023-12-29 22:10:44.204  INFO 20368 --- [    Test worker] org.apache.catalina.core.StandardEngine  : Starting Servlet engine: [Apache Tomcat/9.0.56]
2023-12-29 22:10:44.468  INFO 20368 --- [    Test worker] o.a.c.c.C.[Tomcat].[localhost].[/]       : Initializing Spring embedded WebApplicationContext
2023-12-29 22:10:44.468  INFO 20368 --- [    Test worker] w.s.c.ServletWebServerApplicationContext : Root WebApplicationContext: initialization completed in 3501 ms
2023-12-29 22:10:45.873  INFO 20368 --- [    Test worker] o.s.b.w.embedded.tomcat.TomcatWebServer  : Tomcat started on port(s): 48559 (http) with context path ''
2023-12-29 22:10:45.893  INFO 20368 --- [    Test worker] com.example.testingweb.HttpRequestTest   : Started HttpRequestTest in 6.465 seconds (JVM running for 15.191)
2023-12-29 22:10:47.292  INFO 20368 --- [o-auto-1-exec-1] o.a.c.c.C.[Tomcat].[localhost].[/]       : Initializing Spring DispatcherServlet 'dispatcherServlet'
2023-12-29 22:10:47.293  INFO 20368 --- [o-auto-1-exec-1] o.s.web.servlet.DispatcherServlet        : Initializing Servlet 'dispatcherServlet'
2023-12-29 22:10:47.295  INFO 20368 --- [o-auto-1-exec-1] o.s.web.servlet.DispatcherServlet        : Completed initialization in 2 ms
]]></system-out>
  <system-err><![CDATA[]]></system-err>
</testsuite>
