<?xml version="1.0" encoding="UTF-8"?>
<testsuite name="com.example.testingweb.WebMockTest" tests="1" skipped="0" failures="0" errors="0" timestamp="2023-12-30T01:10:55" hostname="LAPTOP-23KGNN3P" time="0.094">
  <properties/>
  <testcase name="greetingShouldReturnMessageFromService()" classname="com.example.testingweb.WebMockTest" time="0.094"/>
  <system-out><![CDATA[2023-12-29 22:10:53.492  INFO 20368 --- [    Test worker] .b.t.a.w.s.WebMvcTestContextBootstrapper : Neither @ContextConfiguration nor @ContextHierarchy found for test class [com.example.testingweb.WebMockTest], using SpringBootContextLoader
2023-12-29 22:10:53.496  INFO 20368 --- [    Test worker] o.s.t.c.support.AbstractContextLoader    : Could not detect default resource locations for test class [com.example.testingweb.WebMockTest]: no resource found for suffixes {-context.xml, Context.groovy}.
2023-12-29 22:10:53.497  INFO 20368 --- [    Test worker] t.c.s.AnnotationConfigContextLoaderUtils : Could not detect default configuration classes for test class [com.example.testingweb.WebMockTest]: WebMockTest does not declare any static, non-private, non-final, nested classes annotated with @Configuration.
2023-12-29 22:10:53.516  INFO 20368 --- [    Test worker] .b.t.c.SpringBootTestContextBootstrapper : Found @SpringBootConfiguration com.example.testingweb.TestingWebApplication for test class com.example.testingweb.WebMockTest
2023-12-29 22:10:53.518  INFO 20368 --- [    Test worker] .b.t.a.w.s.WebMvcTestContextBootstrapper : Loaded default TestExecutionListener class names from location [META-INF/spring.factories]: [org.springframework.boot.test.autoconfigure.restdocs.RestDocsTestExecutionListener, org.springframework.boot.test.autoconfigure.web.client.MockRestServiceServerResetTestExecutionListener, org.springframework.boot.test.autoconfigure.web.servlet.MockMvcPrintOnlyOnFailureTestExecutionListener, org.springframework.boot.test.autoconfigure.web.servlet.WebDriverTestExecutionListener, org.springframework.boot.test.autoconfigure.webservices.client.MockWebServiceServerTestExecutionListener, org.springframework.boot.test.mock.mockito.MockitoTestExecutionListener, org.springframework.boot.test.mock.mockito.ResetMocksTestExecutionListener, org.springframework.test.context.web.ServletTestExecutionListener, org.springframework.test.context.support.DirtiesContextBeforeModesTestExecutionListener, org.springframework.test.context.event.ApplicationEventsTestExecutionListener, org.springframework.test.context.support.DependencyInjectionTestExecutionListener, org.springframework.test.context.support.DirtiesContextTestExecutionListener, org.springframework.test.context.transaction.TransactionalTestExecutionListener, org.springframework.test.context.jdbc.SqlScriptsTestExecutionListener, org.springframework.test.context.event.EventPublishingTestExecutionListener]
2023-12-29 22:10:53.524  INFO 20368 --- [    Test worker] .b.t.a.w.s.WebMvcTestContextBootstrapper : Using TestExecutionListeners: [org.springframework.test.context.web.ServletTestExecutionListener@635cd1e9, org.springframework.test.context.support.DirtiesContextBeforeModesTestExecutionListener@24454fda, org.springframework.test.context.event.ApplicationEventsTestExecutionListener@528a7142, org.springframework.boot.test.mock.mockito.MockitoTestExecutionListener@217a4c64, org.springframework.boot.test.autoconfigure.SpringBootDependencyInjectionTestExecutionListener@242c123b, org.springframework.test.context.support.DirtiesContextTestExecutionListener@2a19b2fb, org.springframework.test.context.event.EventPublishingTestExecutionListener@2b18d69b, org.springframework.boot.test.autoconfigure.restdocs.RestDocsTestExecutionListener@5872a6f0, org.springframework.boot.test.autoconfigure.web.client.MockRestServiceServerResetTestExecutionListener@1c8bda0f, org.springframework.boot.test.autoconfigure.web.servlet.MockMvcPrintOnlyOnFailureTestExecutionListener@7be23d0f, org.springframework.boot.test.autoconfigure.web.servlet.WebDriverTestExecutionListener@16a380e6, org.springframework.boot.test.autoconfigure.webservices.client.MockWebServiceServerTestExecutionListener@5b2be1e4, org.springframework.boot.test.mock.mockito.ResetMocksTestExecutionListener@1932032c]

  .   ____          _            __ _ _
 /\\ / ___'_ __ _ _(_)_ __  __ _ \ \ \ \
( ( )\___ | '_ | '_| | '_ \/ _` | \ \ \ \
 \\/  ___)| |_)| | | | | || (_| |  ) ) ) )
  '  |____| .__|_| |_|_| |_\__, | / / / /
 =========|_|==============|___/=/_/_/_/
 :: Spring Boot ::                (v2.6.3)

2023-12-29 22:10:53.821  INFO 20368 --- [    Test worker] com.example.testingweb.WebMockTest       : Starting WebMockTest using Java 11.0.12 on LAPTOP-23KGNN3P with PID 20368 (started by valep in C:\Users\valep\Desktop\Devops\dev-ops-v6\microservicio\microservicio-java)
2023-12-29 22:10:53.825  INFO 20368 --- [    Test worker] com.example.testingweb.WebMockTest       : No active profile set, falling back to default profiles: default
2023-12-29 22:10:55.238  INFO 20368 --- [    Test worker] o.s.b.t.m.w.SpringBootMockServletContext : Initializing Spring TestDispatcherServlet ''
2023-12-29 22:10:55.239  INFO 20368 --- [    Test worker] o.s.t.web.servlet.TestDispatcherServlet  : Initializing Servlet ''
2023-12-29 22:10:55.240  INFO 20368 --- [    Test worker] o.s.t.web.servlet.TestDispatcherServlet  : Completed initialization in 1 ms
2023-12-29 22:10:55.272  INFO 20368 --- [    Test worker] com.example.testingweb.WebMockTest       : Started WebMockTest in 1.723 seconds (JVM running for 24.571)

MockHttpServletRequest:
      HTTP Method = GET
      Request URI = /greeting
       Parameters = {}
          Headers = []
             Body = null
    Session Attrs = {}

Handler:
             Type = com.example.testingweb.GreetingController
           Method = com.example.testingweb.GreetingController#greeting()

Async:
    Async started = false
     Async result = null

Resolved Exception:
             Type = null

ModelAndView:
        View name = null
             View = null
            Model = null

FlashMap:
       Attributes = null

MockHttpServletResponse:
           Status = 200
    Error message = null
          Headers = [Content-Type:"text/plain;charset=UTF-8", Content-Length:"11"]
     Content type = text/plain;charset=UTF-8
             Body = Hello, Mock
    Forwarded URL = null
   Redirected URL = null
          Cookies = []
]]></system-out>
  <system-err><![CDATA[]]></system-err>
</testsuite>
