<?xml version="1.0" encoding="UTF-8"?>
<testsuite name="com.example.testingweb.SmokeTest" tests="1" skipped="0" failures="0" errors="0" timestamp="2023-12-30T01:10:49" hostname="LAPTOP-23KGNN3P" time="0.014">
  <properties/>
  <testcase name="contextLoads()" classname="com.example.testingweb.SmokeTest" time="0.014"/>
  <system-out><![CDATA[2023-12-29 22:10:47.676  INFO 20368 --- [    Test worker] .b.t.c.SpringBootTestContextBootstrapper : Neither @ContextConfiguration nor @ContextHierarchy found for test class [com.example.testingweb.SmokeTest], using SpringBootContextLoader
2023-12-29 22:10:47.682  INFO 20368 --- [    Test worker] o.s.t.c.support.AbstractContextLoader    : Could not detect default resource locations for test class [com.example.testingweb.SmokeTest]: no resource found for suffixes {-context.xml, Context.groovy}.
2023-12-29 22:10:47.682  INFO 20368 --- [    Test worker] t.c.s.AnnotationConfigContextLoaderUtils : Could not detect default configuration classes for test class [com.example.testingweb.SmokeTest]: SmokeTest does not declare any static, non-private, non-final, nested classes annotated with @Configuration.
2023-12-29 22:10:47.689  INFO 20368 --- [    Test worker] .b.t.c.SpringBootTestContextBootstrapper : Found @SpringBootConfiguration com.example.testingweb.TestingWebApplication for test class com.example.testingweb.SmokeTest
2023-12-29 22:10:47.696  INFO 20368 --- [    Test worker] .b.t.c.SpringBootTestContextBootstrapper : Loaded default TestExecutionListener class names from location [META-INF/spring.factories]: [org.springframework.boot.test.autoconfigure.restdocs.RestDocsTestExecutionListener, org.springframework.boot.test.autoconfigure.web.client.MockRestServiceServerResetTestExecutionListener, org.springframework.boot.test.autoconfigure.web.servlet.MockMvcPrintOnlyOnFailureTestExecutionListener, org.springframework.boot.test.autoconfigure.web.servlet.WebDriverTestExecutionListener, org.springframework.boot.test.autoconfigure.webservices.client.MockWebServiceServerTestExecutionListener, org.springframework.boot.test.mock.mockito.MockitoTestExecutionListener, org.springframework.boot.test.mock.mockito.ResetMocksTestExecutionListener, org.springframework.test.context.web.ServletTestExecutionListener, org.springframework.test.context.support.DirtiesContextBeforeModesTestExecutionListener, org.springframework.test.context.event.ApplicationEventsTestExecutionListener, org.springframework.test.context.support.DependencyInjectionTestExecutionListener, org.springframework.test.context.support.DirtiesContextTestExecutionListener, org.springframework.test.context.transaction.TransactionalTestExecutionListener, org.springframework.test.context.jdbc.SqlScriptsTestExecutionListener, org.springframework.test.context.event.EventPublishingTestExecutionListener]
2023-12-29 22:10:47.700  INFO 20368 --- [    Test worker] .b.t.c.SpringBootTestContextBootstrapper : Using TestExecutionListeners: [org.springframework.test.context.web.ServletTestExecutionListener@4ef459e9, org.springframework.test.context.support.DirtiesContextBeforeModesTestExecutionListener@2a0a8406, org.springframework.test.context.event.ApplicationEventsTestExecutionListener@20045caa, org.springframework.boot.test.mock.mockito.MockitoTestExecutionListener@25a6f8aa, org.springframework.boot.test.autoconfigure.SpringBootDependencyInjectionTestExecutionListener@4971c6e6, org.springframework.test.context.support.DirtiesContextTestExecutionListener@37a5517a, org.springframework.test.context.event.EventPublishingTestExecutionListener@35c6aa28, org.springframework.boot.test.autoconfigure.restdocs.RestDocsTestExecutionListener@27376792, org.springframework.boot.test.autoconfigure.web.client.MockRestServiceServerResetTestExecutionListener@60b6c364, org.springframework.boot.test.autoconfigure.web.servlet.MockMvcPrintOnlyOnFailureTestExecutionListener@7d056089, org.springframework.boot.test.autoconfigure.web.servlet.WebDriverTestExecutionListener@7d9202eb, org.springframework.boot.test.autoconfigure.webservices.client.MockWebServiceServerTestExecutionListener@6185e13c, org.springframework.boot.test.mock.mockito.ResetMocksTestExecutionListener@37feb38b]

  .   ____          _            __ _ _
 /\\ / ___'_ __ _ _(_)_ __  __ _ \ \ \ \
( ( )\___ | '_ | '_| | '_ \/ _` | \ \ \ \
 \\/  ___)| |_)| | | | | || (_| |  ) ) ) )
  '  |____| .__|_| |_|_| |_\__, | / / / /
 =========|_|==============|___/=/_/_/_/
 :: Spring Boot ::                (v2.6.3)

2023-12-29 22:10:47.833  INFO 20368 --- [    Test worker] com.example.testingweb.SmokeTest         : Starting SmokeTest using Java 11.0.12 on LAPTOP-23KGNN3P with PID 20368 (started by valep in C:\Users\valep\Desktop\Devops\dev-ops-v6\microservicio\microservicio-java)
2023-12-29 22:10:47.834  INFO 20368 --- [    Test worker] com.example.testingweb.SmokeTest         : No active profile set, falling back to default profiles: default
2023-12-29 22:10:49.187  INFO 20368 --- [    Test worker] com.example.testingweb.SmokeTest         : Started SmokeTest in 1.457 seconds (JVM running for 18.486)
]]></system-out>
  <system-err><![CDATA[]]></system-err>
</testsuite>
