<?xml version="1.0" encoding="UTF-8"?>
<testsuite name="com.example.testingweb.TestingWebApplicationTest" tests="1" skipped="0" failures="0" errors="0" timestamp="2023-12-30T01:10:51" hostname="LAPTOP-23KGNN3P" time="0.187">
  <properties/>
  <testcase name="shouldReturnDefaultMessage()" classname="com.example.testingweb.TestingWebApplicationTest" time="0.187"/>
  <system-out><![CDATA[2023-12-29 22:10:49.256  INFO 20368 --- [    Test worker] .b.t.c.SpringBootTestContextBootstrapper : Neither @ContextConfiguration nor @ContextHierarchy found for test class [com.example.testingweb.TestingWebApplicationTest], using SpringBootContextLoader
2023-12-29 22:10:49.258  INFO 20368 --- [    Test worker] o.s.t.c.support.AbstractContextLoader    : Could not detect default resource locations for test class [com.example.testingweb.TestingWebApplicationTest]: no resource found for suffixes {-context.xml, Context.groovy}.
2023-12-29 22:10:49.259  INFO 20368 --- [    Test worker] t.c.s.AnnotationConfigContextLoaderUtils : Could not detect default configuration classes for test class [com.example.testingweb.TestingWebApplicationTest]: TestingWebApplicationTest does not declare any static, non-private, non-final, nested classes annotated with @Configuration.
2023-12-29 22:10:49.279  INFO 20368 --- [    Test worker] .b.t.c.SpringBootTestContextBootstrapper : Found @SpringBootConfiguration com.example.testingweb.TestingWebApplication for test class com.example.testingweb.TestingWebApplicationTest
2023-12-29 22:10:49.284  INFO 20368 --- [    Test worker] .b.t.c.SpringBootTestContextBootstrapper : Loaded default TestExecutionListener class names from location [META-INF/spring.factories]: [org.springframework.boot.test.autoconfigure.restdocs.RestDocsTestExecutionListener, org.springframework.boot.test.autoconfigure.web.client.MockRestServiceServerResetTestExecutionListener, org.springframework.boot.test.autoconfigure.web.servlet.MockMvcPrintOnlyOnFailureTestExecutionListener, org.springframework.boot.test.autoconfigure.web.servlet.WebDriverTestExecutionListener, org.springframework.boot.test.autoconfigure.webservices.client.MockWebServiceServerTestExecutionListener, org.springframework.boot.test.mock.mockito.MockitoTestExecutionListener, org.springframework.boot.test.mock.mockito.ResetMocksTestExecutionListener, org.springframework.test.context.web.ServletTestExecutionListener, org.springframework.test.context.support.DirtiesContextBeforeModesTestExecutionListener, org.springframework.test.context.event.ApplicationEventsTestExecutionListener, org.springframework.test.context.support.DependencyInjectionTestExecutionListener, org.springframework.test.context.support.DirtiesContextTestExecutionListener, org.springframework.test.context.transaction.TransactionalTestExecutionListener, org.springframework.test.context.jdbc.SqlScriptsTestExecutionListener, org.springframework.test.context.event.EventPublishingTestExecutionListener]
2023-12-29 22:10:49.286  INFO 20368 --- [    Test worker] .b.t.c.SpringBootTestContextBootstrapper : Using TestExecutionListeners: [org.springframework.test.context.web.ServletTestExecutionListener@16d3ce34, org.springframework.test.context.support.DirtiesContextBeforeModesTestExecutionListener@5dd2670c, org.springframework.test.context.event.ApplicationEventsTestExecutionListener@1c516be2, org.springframework.boot.test.mock.mockito.MockitoTestExecutionListener@fb2bf27, org.springframework.boot.test.autoconfigure.SpringBootDependencyInjectionTestExecutionListener@798728b, org.springframework.test.context.support.DirtiesContextTestExecutionListener@493c8f73, org.springframework.test.context.event.EventPublishingTestExecutionListener@5ea5e3cd, org.springframework.boot.test.autoconfigure.restdocs.RestDocsTestExecutionListener@447424b9, org.springframework.boot.test.autoconfigure.web.client.MockRestServiceServerResetTestExecutionListener@3c1a96, org.springframework.boot.test.autoconfigure.web.servlet.MockMvcPrintOnlyOnFailureTestExecutionListener@2d565af5, org.springframework.boot.test.autoconfigure.web.servlet.WebDriverTestExecutionListener@5c9c7f19, org.springframework.boot.test.autoconfigure.webservices.client.MockWebServiceServerTestExecutionListener@39a8d9df, org.springframework.boot.test.mock.mockito.ResetMocksTestExecutionListener@59208cd6]

  .   ____          _            __ _ _
 /\\ / ___'_ __ _ _(_)_ __  __ _ \ \ \ \
( ( )\___ | '_ | '_| | '_ \/ _` | \ \ \ \
 \\/  ___)| |_)| | | | | || (_| |  ) ) ) )
  '  |____| .__|_| |_|_| |_\__, | / / / /
 =========|_|==============|___/=/_/_/_/
 :: Spring Boot ::                (v2.6.3)

2023-12-29 22:10:49.355  INFO 20368 --- [    Test worker] c.e.t.TestingWebApplicationTest          : Starting TestingWebApplicationTest using Java 11.0.12 on LAPTOP-23KGNN3P with PID 20368 (started by valep in C:\Users\valep\Desktop\Devops\dev-ops-v6\microservicio\microservicio-java)
2023-12-29 22:10:49.356  INFO 20368 --- [    Test worker] c.e.t.TestingWebApplicationTest          : No active profile set, falling back to default profiles: default
2023-12-29 22:10:51.741  INFO 20368 --- [    Test worker] o.s.b.t.m.w.SpringBootMockServletContext : Initializing Spring TestDispatcherServlet ''
2023-12-29 22:10:51.742  INFO 20368 --- [    Test worker] o.s.t.web.servlet.TestDispatcherServlet  : Initializing Servlet ''
2023-12-29 22:10:51.750  INFO 20368 --- [    Test worker] o.s.t.web.servlet.TestDispatcherServlet  : Completed initialization in 7 ms
2023-12-29 22:10:51.882  INFO 20368 --- [    Test worker] c.e.t.TestingWebApplicationTest          : Started TestingWebApplicationTest in 2.591 seconds (JVM running for 21.18)

MockHttpServletRequest:
      HTTP Method = GET
      Request URI = /
       Parameters = {}
          Headers = []
             Body = null
    Session Attrs = {}

Handler:
             Type = com.example.testingweb.HomeController
           Method = com.example.testingweb.HomeController#greeting()

Async:
    Async started = false
     Async result = null

Resolved Exception:
             Type = null

ModelAndView:
        View name = null
             View = null
            Model = null

FlashMap:
       Attributes = null

MockHttpServletResponse:
           Status = 200
    Error message = null
          Headers = [Content-Type:"text/plain;charset=UTF-8", Content-Length:"26"]
     Content type = text/plain;charset=UTF-8
             Body = Hola, soy Valentina Moreno
    Forwarded URL = null
   Redirected URL = null
          Cookies = []
]]></system-out>
  <system-err><![CDATA[]]></system-err>
</testsuite>
